TODO_8_II/TODO_8/app/build/intermediates/manifest_merge_blame_file/debug/manifest-merger-blame-debug-report.txt
1<?xml version="1.0" encoding="utf-8"?>
2<manifest xmlns:android="http://schemas.android.com/apk/res/android"
3    package="edu.gcit.todo_8"
4    android:versionCode="1"
5    android:versionName="1.0" >
6
7    <uses-sdk
8        android:minSdkVersion="19"
8-->src\main\AndroidManifest.xml
9        android:targetSdkVersion="30" />
9-->src\main\AndroidManifest.xml
10
11    <application
11-->src\main\AndroidManifest.xml:5:5-39:19
12        android:allowBackup="true"
12-->src\main\AndroidManifest.xml:6:9-35
13        android:appComponentFactory="androidx.core.app.CoreComponentFactory"
13-->[androidx.core:core:1.3.1] AndroidManifest.xml:24:18-86
14        android:debuggable="true"
15        android:icon="@mipmap/ic_launcher"
15-->src\main\AndroidManifest.xml:7:9-43
16        android:label="@string/app_name"
16-->src\main\AndroidManifest.xml:8:9-41
17        android:roundIcon="@mipmap/ic_launcher_round"
17-->src\main\AndroidManifest.xml:9:9-54
18        android:supportsRtl="true"
18-->src\main\AndroidManifest.xml:10:9-35
19        android:testOnly="true"
20        android:theme="@style/Theme.TODO_8" >
20-->src\main\AndroidManifest.xml:11:9-44
21        <activity android:name="edu.gcit.todo_8.MainActivity" >
21-->src\main\AndroidManifest.xml:12:9-38:20
21-->src\main\AndroidManifest.xml:12:19-47
22            <intent-filter>
22-->src\main\AndroidManifest.xml:13:13-17:29
23                <action android:name="android.intent.action.MAIN" />
23-->src\main\AndroidManifest.xml:14:17-69
23-->src\main\AndroidManifest.xml:14:25-66
24
25                <category android:name="android.intent.category.LAUNCHER" />
25-->src\main\AndroidManifest.xml:16:17-77
25-->src\main\AndroidManifest.xml:16:27-74
26            </intent-filter>
27            <intent-filter>
27-->src\main\AndroidManifest.xml:19:13-22:29
28                <data
28-->src\main\AndroidManifest.xml:20:17-77
29                    android:mimeType="video/mpeg"
29-->src\main\AndroidManifest.xml:20:23-52
30                    android:scheme="http" />
30-->src\main\AndroidManifest.xml:20:53-74
31                <data
31-->src\main\AndroidManifest.xml:20:17-77
32                    android:mimeType="audio/mpeg"
32-->src\main\AndroidManifest.xml:20:23-52
33                    android:scheme="http" />
33-->src\main\AndroidManifest.xml:20:53-74
34            </intent-filter>
35            <intent-filter>
35-->src\main\AndroidManifest.xml:24:13-31:29
36                <action android:name="android.intent.action.VIEW" />
36-->src\main\AndroidManifest.xml:25:17-69
36-->src\main\AndroidManifest.xml:25:25-66
37
38                <category android:name="android.intent.category.DEFAULT" />
38-->src\main\AndroidManifest.xml:26:17-76
38-->src\main\AndroidManifest.xml:26:27-73
39                <category android:name="android.intent.category.BROWSABLE" />
39-->src\main\AndroidManifest.xml:27:17-78
39-->src\main\AndroidManifest.xml:27:27-75
40
41                <data
41-->src\main\AndroidManifest.xml:20:17-77
42                    android:host="developer.android.com"
42-->src\main\AndroidManifest.xml:30:21-57
43                    android:scheme="http" />
43-->src\main\AndroidManifest.xml:20:53-74
44            </intent-filter>
45            <intent-filter>
45-->src\main\AndroidManifest.xml:33:13-37:29
46                <action android:name="android.intent.action.SEND" />
46-->src\main\AndroidManifest.xml:34:17-69
46-->src\main\AndroidManifest.xml:34:25-66
47
48                <category android:name="android.intent.category.DEFAULT" />
48-->src\main\AndroidManifest.xml:26:17-76
48-->src\main\AndroidManifest.xml:26:27-73
49
50                <data android:mimeType="text/plain" />
50-->src\main\AndroidManifest.xml:20:17-77
50-->src\main\AndroidManifest.xml:20:23-52
51            </intent-filter>
52        </activity>
53    </application>
54
55</manifest>